argc =  20
exp1.py
-im
/home/cqzhao/dataset/dataset2014/dataset/baseline/highway/input/
-gt
/home/cqzhao/dataset/dataset2014/dataset/baseline/highway/groundtruth/
-fg
/home/cqzhao/projects/matrix/data_test/fgimgs/dynamicBackground/fountain01_v6/
-pa_net
/home/cqzhao/projects/matrix/data_test/refinenet/network/baseline/highway
-pa_out
/home/cqzhao/projects/matrix/data_test/refinenet/outputmask/baseline/highway
-gpuid
0
-imgs_idx
1
2
3
4
-version
v10
argc =  20
exp1.py
-im
/home/cqzhao/dataset/dataset2014/dataset/baseline/highway/input/
-gt
/home/cqzhao/dataset/dataset2014/dataset/baseline/highway/groundtruth/
-fg
/home/cqzhao/projects/matrix/data_test/fgimgs/dynamicBackground/fountain01_v6/
-pa_net
/home/cqzhao/projects/matrix/data_test/refinenet/network/baseline/highway
-pa_out
/home/cqzhao/projects/matrix/data_test/refinenet/outputmask/baseline/highway
-gpuid
0
-imgs_idx
1
2
3
4
-version
v10
